#
# There is insufficient memory for the Java Runtime Environment to continue.
# Native memory allocation (mmap) failed to map 132120576 bytes for G1 virtual space
# Possible reasons:
#   The system is out of physical RAM or swap space
#   The process is running with CompressedOops enabled, and the Java Heap may be blocking the growth of the native heap
# Possible solutions:
#   Reduce memory load on the system
#   Increase physical memory or swap space
#   Check if swap backing store is full
#   Decrease Java heap size (-Xmx/-Xms)
#   Decrease number of Java threads
#   Decrease Java thread stack sizes (-Xss)
#   Set larger code cache with -XX:ReservedCodeCacheSize=
#   JVM is running with Unscaled Compressed Oops mode in which the Java heap is
#     placed in the first 4GB address space. The Java Heap base address is the
#     maximum limit for the native heap growth. Please use -XX:HeapBaseMinAddress
#     to set the Java Heap base and to place the Java Heap above 4GB virtual address.
# This output file may be truncated or incomplete.
#
#  Out of Memory Error (os_windows.cpp:3528), pid=17660, tid=14804
#
# JRE version:  (20.0.2+9) (build )
# Java VM: Java HotSpot(TM) 64-Bit Server VM (20.0.2+9-78, mixed mode, sharing, tiered, compressed oops, compressed class ptrs, g1 gc, windows-amd64)
# No core dump will be written. Minidumps are not enabled by default on client versions of Windows
#

---------------  S U M M A R Y ------------

Command Line: -Dfile.encoding=UTF-8 --module-path=C:\Users\Lenovo\eclipse-workspace\Arte\bin -XX:+ShowCodeDetailsInExceptionMessages -Djdk.module.main=Arte Arte/Main.main

Host: Intel(R) Core(TM) i5-4590 CPU @ 3.30GHz, 4 cores, 7G,  Windows 10 , 64 bit Build 19041 (10.0.19041.3570)
Time: Thu Nov  9 23:33:15 2023 Central America Standard Time elapsed time: 0.067848 seconds (0d 0h 0m 0s)

---------------  T H R E A D  ---------------

Current thread (0x0000028168cb93e0):  JavaThread "Unknown thread" [_thread_in_vm, id=14804, stack(0x000000e5d6e00000,0x000000e5d6f00000)]

Stack: [0x000000e5d6e00000,0x000000e5d6f00000]
Native frames: (J=compiled Java code, j=interpreted, Vv=VM code, C=native code)
V  [jvm.dll+0x6bc25a]
V  [jvm.dll+0x84971a]
V  [jvm.dll+0x84b315]
V  [jvm.dll+0x84ba13]
V  [jvm.dll+0x280e4f]
V  [jvm.dll+0x6b8fe9]
V  [jvm.dll+0x6adbca]
V  [jvm.dll+0x35b165]
V  [jvm.dll+0x363386]
V  [jvm.dll+0x3b400e]
V  [jvm.dll+0x3b4295]
V  [jvm.dll+0x32b86a]
V  [jvm.dll+0x32c68b]
V  [jvm.dll+0x8123df]
V  [jvm.dll+0x3c1261]
V  [jvm.dll+0x7fe103]
V  [jvm.dll+0x44ccaf]
V  [jvm.dll+0x44e621]
C  [jli.dll+0x5287]
C  [ucrtbase.dll+0x21bb2]
C  [KERNEL32.DLL+0x17344]
C  [ntdll.dll+0x526b1]


---------------  P R O C E S S  ---------------

Threads class SMR info:
_java_thread_list=0x00007ffe75bfb118, length=0, elements={
}

Java Threads: ( => current thread )

Other Threads:
  0x0000028168d17dc0 WorkerThread "GC Thread#0" [stack: 0x000000e5d6f00000,0x000000e5d7000000] [id=13956]
  0x0000028168d2af90 ConcurrentGCThread "G1 Main Marker" [stack: 0x000000e5d7000000,0x000000e5d7100000] [id=7508]
  0x0000028168d2b8d0 WorkerThread "G1 Conc#0" [stack: 0x000000e5d7100000,0x000000e5d7200000] [id=13584]

[error occurred during error reporting (printing all threads), id 0xc0000005, EXCEPTION_ACCESS_VIOLATION (0xc0000005) at pc=0x00007ffe753deea7]
VM state: not at safepoint (not fully initialized)

VM Mutex/Monitor currently owned by a thread:  ([mutex/lock_event])
[0x0000028168cb44f0] Heap_lock - owner thread: 0x0000028168cb93e0

Heap address: 0x0000000083200000, size: 1998 MB, Compressed Oops mode: 32-bit

CDS archive(s) mapped at: [0x0000000000000000-0x0000000000000000-0x0000000000000000), size 0, SharedBaseAddress: 0x0000000800000000, ArchiveRelocationMode: 1.
Narrow klass base: 0x0000000000000000, Narrow klass shift: 0, Narrow klass range: 0x0

GC Precious Log:
 CardTable entry size: 512
 Card Set container configuration: InlinePtr #cards 5 size 8 Array Of Cards #cards 12 size 40 Howl #buckets 4 coarsen threshold 1843 Howl Bitmap #cards 512 size 80 coarsen threshold 460 Card regions per heap region 1 cards per card region 2048

Heap:
 garbage-first heap   total 0K, used 0K [0x0000000083200000, 0x0000000100000000)
  region size 1024K, 0 young (0K), 0 survivors (0K)

[error occurred during error reporting (printing heap information), id 0xc0000005, EXCEPTION_ACCESS_VIOLATION (0xc0000005) at pc=0x00007ffe757b47b9]
GC Heap History (0 events):
No events

Dll operation events (1 events):
Event: 0.007 Loaded shared library C:\Program Files\Java\jdk-20\bin\java.dll

Deoptimization events (0 events):
No events

Classes loaded (0 events):
No events

Classes unloaded (0 events):
No events

Classes redefined (0 events):
No events

Internal exceptions (0 events):
No events

VM Operations (0 events):
No events

Events (0 events):
No events


Dynamic libraries:
0x00007ff777d10000 - 0x00007ff777d20000 	C:\Program Files\Java\jdk-20\bin\javaw.exe
0x00007ffee3610000 - 0x00007ffee3807000 	C:\Windows\SYSTEM32\ntdll.dll
0x00007ffee2890000 - 0x00007ffee294d000 	C:\Windows\System32\KERNEL32.DLL
0x00007ffee1370000 - 0x00007ffee1666000 	C:\Windows\System32\KERNELBASE.dll
0x00007ffee0f30000 - 0x00007ffee1030000 	C:\Windows\System32\ucrtbase.dll
0x00007ffec1740000 - 0x00007ffec1759000 	C:\Program Files\Java\jdk-20\bin\jli.dll
0x00007ffee1c00000 - 0x00007ffee1cae000 	C:\Windows\System32\ADVAPI32.dll
0x00007ffee2950000 - 0x00007ffee29ee000 	C:\Windows\System32\msvcrt.dll
0x00007ffee32e0000 - 0x00007ffee337c000 	C:\Windows\System32\sechost.dll
0x00007ffee1ac0000 - 0x00007ffee1be6000 	C:\Windows\System32\RPCRT4.dll
0x00007ffee2610000 - 0x00007ffee27ae000 	C:\Windows\System32\USER32.dll
0x00007ffee0e90000 - 0x00007ffee0eb2000 	C:\Windows\System32\win32u.dll
0x00007ffee2f10000 - 0x00007ffee2f3c000 	C:\Windows\System32\GDI32.dll
0x00007ffee1220000 - 0x00007ffee133a000 	C:\Windows\System32\gdi32full.dll
0x00007ffee0da0000 - 0x00007ffee0e3d000 	C:\Windows\System32\msvcp_win.dll
0x00007ffec9bc0000 - 0x00007ffec9bdb000 	C:\Program Files\Java\jdk-20\bin\VCRUNTIME140.dll
0x00007ffed3690000 - 0x00007ffed392a000 	C:\Windows\WinSxS\amd64_microsoft.windows.common-controls_6595b64144ccf1df_6.0.19041.3570_none_60bb2a3971f3e41a\COMCTL32.dll
0x00007ffed57c0000 - 0x00007ffed57ca000 	C:\Windows\SYSTEM32\VERSION.dll
0x00007ffee19d0000 - 0x00007ffee1a00000 	C:\Windows\System32\IMM32.DLL
0x00007ffecb5a0000 - 0x00007ffecb5ac000 	C:\Program Files\Java\jdk-20\bin\vcruntime140_1.dll
0x00007ffec16b0000 - 0x00007ffec173e000 	C:\Program Files\Java\jdk-20\bin\msvcp140.dll
0x00007ffe750a0000 - 0x00007ffe75d38000 	C:\Program Files\Java\jdk-20\bin\server\jvm.dll
0x00007ffed0ef0000 - 0x00007ffed0f17000 	C:\Windows\SYSTEM32\WINMM.dll
0x00007ffebda90000 - 0x00007ffebda99000 	C:\Windows\SYSTEM32\WSOCK32.dll
0x00007ffee30c0000 - 0x00007ffee312b000 	C:\Windows\System32\WS2_32.dll
0x00007ffedebb0000 - 0x00007ffedebc2000 	C:\Windows\SYSTEM32\kernel.appcore.dll
0x00007ffec9970000 - 0x00007ffec997a000 	C:\Program Files\Java\jdk-20\bin\jimage.dll
0x00007ffed3980000 - 0x00007ffed3b64000 	C:\Windows\SYSTEM32\DBGHELP.DLL
0x00007ffed1b10000 - 0x00007ffed1b44000 	C:\Windows\SYSTEM32\dbgcore.DLL
0x00007ffee1190000 - 0x00007ffee1212000 	C:\Windows\System32\bcryptPrimitives.dll
0x00007ffec1570000 - 0x00007ffec1596000 	C:\Program Files\Java\jdk-20\bin\java.dll

dbghelp: loaded successfully - version: 4.0.5 - missing functions: none
symbol engine: initialized successfully - sym options: 0x614 - pdb path: .;C:\Program Files\Java\jdk-20\bin;C:\Windows\SYSTEM32;C:\Windows\WinSxS\amd64_microsoft.windows.common-controls_6595b64144ccf1df_6.0.19041.3570_none_60bb2a3971f3e41a;C:\Program Files\Java\jdk-20\bin\server

VM Arguments:
jvm_args: -Dfile.encoding=UTF-8 --module-path=C:\Users\Lenovo\eclipse-workspace\Arte\bin -XX:+ShowCodeDetailsInExceptionMessages -Djdk.module.main=Arte 
java_command: Arte/Main.main
java_class_path (initial): <not set>
Launcher Type: SUN_STANDARD

[Global flags]
     intx CICompilerCount                          = 3                                         {product} {ergonomic}
     uint ConcGCThreads                            = 1                                         {product} {ergonomic}
     uint G1ConcRefinementThreads                  = 4                                         {product} {ergonomic}
   size_t G1HeapRegionSize                         = 1048576                                   {product} {ergonomic}
    uintx GCDrainStackTargetSize                   = 64                                        {product} {ergonomic}
   size_t InitialHeapSize                          = 132120576                                 {product} {ergonomic}
   size_t MarkStackSize                            = 4194304                                   {product} {ergonomic}
   size_t MaxHeapSize                              = 2095054848                                {product} {ergonomic}
   size_t MinHeapDeltaBytes                        = 1048576                                   {product} {ergonomic}
   size_t MinHeapSize                              = 8388608                                   {product} {ergonomic}
    uintx NonNMethodCodeHeapSize                   = 5832780                                {pd product} {ergonomic}
    uintx NonProfiledCodeHeapSize                  = 122912730                              {pd product} {ergonomic}
    uintx ProfiledCodeHeapSize                     = 122912730                              {pd product} {ergonomic}
    uintx ReservedCodeCacheSize                    = 251658240                              {pd product} {ergonomic}
     bool SegmentedCodeCache                       = true                                      {product} {ergonomic}
     bool ShowCodeDetailsInExceptionMessages       = true                                   {manageable} {command line}
   size_t SoftMaxHeapSize                          = 2095054848                             {manageable} {ergonomic}
     bool UseCompressedClassPointers               = true                           {product lp64_product} {ergonomic}
     bool UseCompressedOops                        = true                           {product lp64_product} {ergonomic}
     bool UseG1GC                                  = true                                      {product} {ergonomic}
     bool UseLargePagesIndividualAllocation        = false                                  {pd product} {ergonomic}

Logging:
Log output configuration:
 #0: stdout all=warning uptime,level,tags foldmultilines=false
 #1: stderr all=off uptime,level,tags foldmultilines=false

Environment Variables:
PATH=C:/Users/Lenovo/.p2/pool/plugins/org.eclipse.justj.openjdk.hotspot.jre.full.win32.x86_64_20.0.2.v20230801-2057/jre/bin/server;C:/Users/Lenovo/.p2/pool/plugins/org.eclipse.justj.openjdk.hotspot.jre.full.win32.x86_64_20.0.2.v20230801-2057/jre/bin;C:\Program Files\Common Files\Oracle\Java\javapath;C:\Program Files (x86)\Common Files\Oracle\Java\javapath;C:\Windows\system32;C:\Windows;C:\Windows\System32\Wbem;C:\Windows\System32\WindowsPowerShell\v1.0\;C:\Windows\System32\OpenSSH\;C:\Program Files\dotnet\;C:\Program Files\Microsoft SQL Server\150\Tools\Binn\;C:\Users\Lenovo\AppData\Local\Programs\Python\Python311;C:\Users\Lenovo\AppData\Local\Programs\Python\Python311\Scripts;C:\Program Files\Git\cmd;C:\Program Files (x86)\Windows Kits\10\Windows Performance Toolkit\;C:\Program Files\MongoDB\Server\7.0\bin;C:\Users\Lenovo\AppData\Local\Programs\Python\Python311\Scripts\;C:\Users\Lenovo\AppData\Local\Programs\Python\Python311\;C:\Users\Lenovo\AppData\Local\Microsoft\WindowsApps;C:\Program Files\MongoDB\Server\7.0\bin;C:\Users\Lenovo\Desktop;
USERNAME=Lenovo
OS=Windows_NT
PROCESSOR_IDENTIFIER=Intel64 Family 6 Model 60 Stepping 3, GenuineIntel
TMP=C:\Users\Lenovo\AppData\Local\Temp
TEMP=C:\Users\Lenovo\AppData\Local\Temp




---------------  S Y S T E M  ---------------

OS:
 Windows 10 , 64 bit Build 19041 (10.0.19041.3570)
OS uptime: 2 days 5:44 hours

CPU: total 4 (initial active 4) (4 cores per cpu, 1 threads per core) family 6 model 60 stepping 3 microcode 0x27, cx8, cmov, fxsr, mmx, sse, sse2, sse3, ssse3, sse4.1, sse4.2, popcnt, lzcnt, tsc, tscinvbit, avx, avx2, aes, erms, clmul, bmi1, bmi2, fma, vzeroupper, clflush, rdtscp, f16c

Memory: 4k page, system-wide physical 7985M (513M free)
TotalPageFile size 16177M (AvailPageFile size 46M)
current process WorkingSet (physical memory assigned to process): 10M, peak: 10M
current process commit charge ("private bytes"): 52M, peak: 177M

vm_info: Java HotSpot(TM) 64-Bit Server VM (20.0.2+9-78) for windows-amd64 JRE (20.0.2+9-78), built on 2023-06-14T10:08:48Z by "mach5one" with MS VC++ 17.1 (VS2022)

END.
