#
# There is insufficient memory for the Java Runtime Environment to continue.
# Native memory allocation (malloc) failed to allocate 32744 bytes for Chunk::new
# Possible reasons:
#   The system is out of physical RAM or swap space
#   The process is running with CompressedOops enabled, and the Java Heap may be blocking the growth of the native heap
# Possible solutions:
#   Reduce memory load on the system
#   Increase physical memory or swap space
#   Check if swap backing store is full
#   Decrease Java heap size (-Xmx/-Xms)
#   Decrease number of Java threads
#   Decrease Java thread stack sizes (-Xss)
#   Set larger code cache with -XX:ReservedCodeCacheSize=
#   JVM is running with Unscaled Compressed Oops mode in which the Java heap is
#     placed in the first 4GB address space. The Java Heap base address is the
#     maximum limit for the native heap growth. Please use -XX:HeapBaseMinAddress
#     to set the Java Heap base and to place the Java Heap above 4GB virtual address.
# This output file may be truncated or incomplete.
#
#  Out of Memory Error (arena.cpp:184), pid=17576, tid=11608
#
# JRE version: Java(TM) SE Runtime Environment (20.0.2+9) (build 20.0.2+9-78)
# Java VM: Java HotSpot(TM) 64-Bit Server VM (20.0.2+9-78, mixed mode, sharing, tiered, compressed oops, compressed class ptrs, g1 gc, windows-amd64)
# No core dump will be written. Minidumps are not enabled by default on client versions of Windows
#

---------------  S U M M A R Y ------------

Command Line: -Dfile.encoding=UTF-8 --module-path=C:\Users\Lenovo\eclipse-workspace\Arte\bin -XX:+ShowCodeDetailsInExceptionMessages -Djdk.module.main=Arte Arte/Main.main

Host: Intel(R) Core(TM) i5-4590 CPU @ 3.30GHz, 4 cores, 7G,  Windows 10 , 64 bit Build 19041 (10.0.19041.3570)
Time: Fri Nov 10 22:23:37 2023 Central America Standard Time elapsed time: 9.415758 seconds (0d 0h 0m 9s)

---------------  T H R E A D  ---------------

Current thread (0x000001fff5bcc3e0):  JavaThread "C1 CompilerThread0" daemon [_thread_in_native, id=11608, stack(0x0000002bd6f00000,0x0000002bd7000000)]


Current CompileTask:
C1:   9415 1063   !   3       java.awt.DefaultKeyboardFocusManager::dispatchEvent (1625 bytes)

Stack: [0x0000002bd6f00000,0x0000002bd7000000]
Native frames: (J=compiled Java code, j=interpreted, Vv=VM code, C=native code)
V  [jvm.dll+0x6bc25a]
V  [jvm.dll+0x84971a]
V  [jvm.dll+0x84b315]
V  [jvm.dll+0x84ba13]
V  [jvm.dll+0x280e4f]
V  [jvm.dll+0xc2ab1]
V  [jvm.dll+0xc2dd5]
V  [jvm.dll+0x1415ce]
V  [jvm.dll+0x140987]
V  [jvm.dll+0x19e5bb]
V  [jvm.dll+0x19eb96]
V  [jvm.dll+0x1589f3]
V  [jvm.dll+0x1582e2]
V  [jvm.dll+0x158514]
V  [jvm.dll+0x157956]
V  [jvm.dll+0x15968d]
V  [jvm.dll+0x25a0eb]
V  [jvm.dll+0x2587c0]
V  [jvm.dll+0x3f2dd5]
V  [jvm.dll+0x7f5c76]
V  [jvm.dll+0x6baecb]
C  [ucrtbase.dll+0x21bb2]
C  [KERNEL32.DLL+0x17344]
C  [ntdll.dll+0x526b1]


---------------  P R O C E S S  ---------------

Threads class SMR info:
_java_thread_list=0x000001fffb5a2060, length=17, elements={
0x000001fff5bb0690, 0x000001fff5bb33a0, 0x000001fff5bb6230, 0x000001fff5bb7b80,
0x000001fff5bc14e0, 0x000001fff5bc5910, 0x000001fff5bcba60, 0x000001fff5bcc3e0,
0x000001fff5bc63b0, 0x000001fff5bc5e60, 0x000001fff5bc73a0, 0x000001fff5bc53c0,
0x000001fff5bc6900, 0x000001fff5bc6e50, 0x000001fff5bc3e80, 0x000001fff5bc43d0,
0x000001fff5bc4920
}

Java Threads: ( => current thread )
  0x000001fff5bb0690 JavaThread "Reference Handler" daemon [_thread_blocked, id=16432, stack(0x0000002bd6800000,0x0000002bd6900000)]
  0x000001fff5bb33a0 JavaThread "Finalizer" daemon [_thread_blocked, id=11756, stack(0x0000002bd6900000,0x0000002bd6a00000)]
  0x000001fff5bb6230 JavaThread "Signal Dispatcher" daemon [_thread_blocked, id=15372, stack(0x0000002bd6a00000,0x0000002bd6b00000)]
  0x000001fff5bb7b80 JavaThread "Attach Listener" daemon [_thread_blocked, id=12888, stack(0x0000002bd6b00000,0x0000002bd6c00000)]
  0x000001fff5bc14e0 JavaThread "Service Thread" daemon [_thread_blocked, id=12188, stack(0x0000002bd6c00000,0x0000002bd6d00000)]
  0x000001fff5bc5910 JavaThread "Monitor Deflation Thread" daemon [_thread_blocked, id=16612, stack(0x0000002bd6d00000,0x0000002bd6e00000)]
  0x000001fff5bcba60 JavaThread "C2 CompilerThread0" daemon [_thread_blocked, id=7308, stack(0x0000002bd6e00000,0x0000002bd6f00000)]
=>0x000001fff5bcc3e0 JavaThread "C1 CompilerThread0" daemon [_thread_in_native, id=11608, stack(0x0000002bd6f00000,0x0000002bd7000000)]
  0x000001fff5bc63b0 JavaThread "Common-Cleaner" daemon [_thread_blocked, id=14384, stack(0x0000002bd7000000,0x0000002bd7100000)]
  0x000001fff5bc5e60 JavaThread "Notification Thread" daemon [_thread_blocked, id=1544, stack(0x0000002bd7100000,0x0000002bd7200000)]
  0x000001fff5bc73a0 JavaThread "Java2D Disposer" daemon [_thread_blocked, id=14520, stack(0x0000002bd7300000,0x0000002bd7400000)]
  0x000001fff5bc53c0 JavaThread "AWT-Shutdown" [_thread_blocked, id=6608, stack(0x0000002bd7400000,0x0000002bd7500000)]
  0x000001fff5bc6900 JavaThread "AWT-Windows" daemon [_thread_in_native, id=18120, stack(0x0000002bd7500000,0x0000002bd7600000)]
  0x000001fff5bc6e50 JavaThread "AWT-EventQueue-0" [_thread_in_vm, id=17424, stack(0x0000002bd7600000,0x0000002bd7700000)]
  0x000001fff5bc3e80 JavaThread "DestroyJavaVM" [_thread_blocked, id=9104, stack(0x0000002bd6100000,0x0000002bd6200000)]
  0x000001fff5bc43d0 JavaThread "TimerQueue" daemon [_thread_blocked, id=15248, stack(0x0000002bd7a00000,0x0000002bd7b00000)]
  0x000001fff5bc4920 JavaThread "Timer-0" [_thread_blocked, id=17344, stack(0x0000002bd7b00000,0x0000002bd7c00000)]

Other Threads:
  0x000001fff5b90960 VMThread "VM Thread" [stack: 0x0000002bd6700000,0x0000002bd6800000] [id=8820]
  0x000001fffa135240 WatcherThread "VM Periodic Task Thread" [stack: 0x0000002bd7200000,0x0000002bd7300000] [id=15608]
  0x000001ffd9b68dc0 WorkerThread "GC Thread#0" [stack: 0x0000002bd6200000,0x0000002bd6300000] [id=12048]
  0x000001ffd9b7c710 ConcurrentGCThread "G1 Main Marker" [stack: 0x0000002bd6300000,0x0000002bd6400000] [id=5676]
  0x000001ffd9b7d050 WorkerThread "G1 Conc#0" [stack: 0x0000002bd6400000,0x0000002bd6500000] [id=9036]
  0x000001ffd9bdea60 ConcurrentGCThread "G1 Refine#0" [stack: 0x0000002bd6500000,0x0000002bd6600000] [id=14304]
  0x000001fff5a54610 ConcurrentGCThread "G1 Service" [stack: 0x0000002bd6600000,0x0000002bd6700000] [id=7136]

Threads with active compile tasks:
C1 CompilerThread0     9561 1063   !   3       java.awt.DefaultKeyboardFocusManager::dispatchEvent (1625 bytes)

VM state: not at safepoint (normal execution)

VM Mutex/Monitor currently owned by a thread: None

Heap address: 0x0000000083200000, size: 1998 MB, Compressed Oops mode: 32-bit

CDS archive(s) mapped at: [0x000001ff80000000-0x000001ff80c60000-0x000001ff80c60000), size 12976128, SharedBaseAddress: 0x000001ff80000000, ArchiveRelocationMode: 1.
Compressed class space mapped at: 0x000001ff81000000-0x000001ffc1000000, reserved size: 1073741824
Narrow klass base: 0x000001ff80000000, Narrow klass shift: 0, Narrow klass range: 0x100000000

GC Precious Log:
 CardTable entry size: 512
 Card Set container configuration: InlinePtr #cards 5 size 8 Array Of Cards #cards 12 size 40 Howl #buckets 4 coarsen threshold 1843 Howl Bitmap #cards 512 size 80 coarsen threshold 460 Card regions per heap region 1 cards per card region 2048
 CPUs: 4 total, 4 available
 Memory: 7985M
 Large Page Support: Disabled
 NUMA Support: Disabled
 Compressed Oops: Enabled (32-bit)
 Heap Region Size: 1M
 Heap Min Capacity: 8M
 Heap Initial Capacity: 126M
 Heap Max Capacity: 1998M
 Pre-touch: Disabled
 Parallel Workers: 4
 Concurrent Workers: 1
 Concurrent Refinement Workers: 4
 Periodic GC: Disabled

Heap:
 garbage-first heap   total 129024K, used 10240K [0x0000000083200000, 0x0000000100000000)
  region size 1024K, 8 young (8192K), 0 survivors (0K)
 Metaspace       used 8330K, committed 8512K, reserved 1114112K
  class space    used 942K, committed 1024K, reserved 1048576K

Heap Regions: E=young(eden), S=young(survivor), O=old, HS=humongous(starts), HC=humongous(continues), CS=collection set, F=free, OA=open archive, CA=closed archive, TAMS=top-at-mark-start, PB=parsable bottom
|   0|0x0000000083200000, 0x0000000083300000, 0x0000000083300000|100%|HS|  |TAMS 0x0000000083200000| PB 0x0000000083200000| Complete 
|   1|0x0000000083300000, 0x0000000083400000, 0x0000000083400000|100%|HS|  |TAMS 0x0000000083300000| PB 0x0000000083300000| Complete 
|   2|0x0000000083400000, 0x0000000083500000, 0x0000000083500000|100%|HC|  |TAMS 0x0000000083400000| PB 0x0000000083400000| Complete 
|   3|0x0000000083500000, 0x0000000083500000, 0x0000000083600000|  0%| F|  |TAMS 0x0000000083500000| PB 0x0000000083500000| Untracked 
|   4|0x0000000083600000, 0x0000000083600000, 0x0000000083700000|  0%| F|  |TAMS 0x0000000083600000| PB 0x0000000083600000| Untracked 
|   5|0x0000000083700000, 0x0000000083700000, 0x0000000083800000|  0%| F|  |TAMS 0x0000000083700000| PB 0x0000000083700000| Untracked 
|   6|0x0000000083800000, 0x0000000083800000, 0x0000000083900000|  0%| F|  |TAMS 0x0000000083800000| PB 0x0000000083800000| Untracked 
|   7|0x0000000083900000, 0x0000000083900000, 0x0000000083a00000|  0%| F|  |TAMS 0x0000000083900000| PB 0x0000000083900000| Untracked 
|   8|0x0000000083a00000, 0x0000000083a00000, 0x0000000083b00000|  0%| F|  |TAMS 0x0000000083a00000| PB 0x0000000083a00000| Untracked 
|   9|0x0000000083b00000, 0x0000000083b00000, 0x0000000083c00000|  0%| F|  |TAMS 0x0000000083b00000| PB 0x0000000083b00000| Untracked 
|  10|0x0000000083c00000, 0x0000000083c00000, 0x0000000083d00000|  0%| F|  |TAMS 0x0000000083c00000| PB 0x0000000083c00000| Untracked 
|  11|0x0000000083d00000, 0x0000000083d00000, 0x0000000083e00000|  0%| F|  |TAMS 0x0000000083d00000| PB 0x0000000083d00000| Untracked 
|  12|0x0000000083e00000, 0x0000000083e00000, 0x0000000083f00000|  0%| F|  |TAMS 0x0000000083e00000| PB 0x0000000083e00000| Untracked 
|  13|0x0000000083f00000, 0x0000000083f00000, 0x0000000084000000|  0%| F|  |TAMS 0x0000000083f00000| PB 0x0000000083f00000| Untracked 
|  14|0x0000000084000000, 0x0000000084000000, 0x0000000084100000|  0%| F|  |TAMS 0x0000000084000000| PB 0x0000000084000000| Untracked 
|  15|0x0000000084100000, 0x0000000084100000, 0x0000000084200000|  0%| F|  |TAMS 0x0000000084100000| PB 0x0000000084100000| Untracked 
|  16|0x0000000084200000, 0x0000000084200000, 0x0000000084300000|  0%| F|  |TAMS 0x0000000084200000| PB 0x0000000084200000| Untracked 
|  17|0x0000000084300000, 0x0000000084300000, 0x0000000084400000|  0%| F|  |TAMS 0x0000000084300000| PB 0x0000000084300000| Untracked 
|  18|0x0000000084400000, 0x0000000084400000, 0x0000000084500000|  0%| F|  |TAMS 0x0000000084400000| PB 0x0000000084400000| Untracked 
|  19|0x0000000084500000, 0x0000000084500000, 0x0000000084600000|  0%| F|  |TAMS 0x0000000084500000| PB 0x0000000084500000| Untracked 
|  20|0x0000000084600000, 0x0000000084600000, 0x0000000084700000|  0%| F|  |TAMS 0x0000000084600000| PB 0x0000000084600000| Untracked 
|  21|0x0000000084700000, 0x0000000084700000, 0x0000000084800000|  0%| F|  |TAMS 0x0000000084700000| PB 0x0000000084700000| Untracked 
|  22|0x0000000084800000, 0x0000000084800000, 0x0000000084900000|  0%| F|  |TAMS 0x0000000084800000| PB 0x0000000084800000| Untracked 
|  23|0x0000000084900000, 0x0000000084900000, 0x0000000084a00000|  0%| F|  |TAMS 0x0000000084900000| PB 0x0000000084900000| Untracked 
|  24|0x0000000084a00000, 0x0000000084a00000, 0x0000000084b00000|  0%| F|  |TAMS 0x0000000084a00000| PB 0x0000000084a00000| Untracked 
|  25|0x0000000084b00000, 0x0000000084b00000, 0x0000000084c00000|  0%| F|  |TAMS 0x0000000084b00000| PB 0x0000000084b00000| Untracked 
|  26|0x0000000084c00000, 0x0000000084c00000, 0x0000000084d00000|  0%| F|  |TAMS 0x0000000084c00000| PB 0x0000000084c00000| Untracked 
|  27|0x0000000084d00000, 0x0000000084d00000, 0x0000000084e00000|  0%| F|  |TAMS 0x0000000084d00000| PB 0x0000000084d00000| Untracked 
|  28|0x0000000084e00000, 0x0000000084e00000, 0x0000000084f00000|  0%| F|  |TAMS 0x0000000084e00000| PB 0x0000000084e00000| Untracked 
|  29|0x0000000084f00000, 0x0000000084f00000, 0x0000000085000000|  0%| F|  |TAMS 0x0000000084f00000| PB 0x0000000084f00000| Untracked 
|  30|0x0000000085000000, 0x0000000085000000, 0x0000000085100000|  0%| F|  |TAMS 0x0000000085000000| PB 0x0000000085000000| Untracked 
|  31|0x0000000085100000, 0x0000000085100000, 0x0000000085200000|  0%| F|  |TAMS 0x0000000085100000| PB 0x0000000085100000| Untracked 
|  32|0x0000000085200000, 0x0000000085200000, 0x0000000085300000|  0%| F|  |TAMS 0x0000000085200000| PB 0x0000000085200000| Untracked 
|  33|0x0000000085300000, 0x0000000085300000, 0x0000000085400000|  0%| F|  |TAMS 0x0000000085300000| PB 0x0000000085300000| Untracked 
|  34|0x0000000085400000, 0x0000000085400000, 0x0000000085500000|  0%| F|  |TAMS 0x0000000085400000| PB 0x0000000085400000| Untracked 
|  35|0x0000000085500000, 0x0000000085500000, 0x0000000085600000|  0%| F|  |TAMS 0x0000000085500000| PB 0x0000000085500000| Untracked 
|  36|0x0000000085600000, 0x0000000085600000, 0x0000000085700000|  0%| F|  |TAMS 0x0000000085600000| PB 0x0000000085600000| Untracked 
|  37|0x0000000085700000, 0x0000000085700000, 0x0000000085800000|  0%| F|  |TAMS 0x0000000085700000| PB 0x0000000085700000| Untracked 
|  38|0x0000000085800000, 0x0000000085800000, 0x0000000085900000|  0%| F|  |TAMS 0x0000000085800000| PB 0x0000000085800000| Untracked 
|  39|0x0000000085900000, 0x0000000085900000, 0x0000000085a00000|  0%| F|  |TAMS 0x0000000085900000| PB 0x0000000085900000| Untracked 
|  40|0x0000000085a00000, 0x0000000085a00000, 0x0000000085b00000|  0%| F|  |TAMS 0x0000000085a00000| PB 0x0000000085a00000| Untracked 
|  41|0x0000000085b00000, 0x0000000085b00000, 0x0000000085c00000|  0%| F|  |TAMS 0x0000000085b00000| PB 0x0000000085b00000| Untracked 
|  42|0x0000000085c00000, 0x0000000085c00000, 0x0000000085d00000|  0%| F|  |TAMS 0x0000000085c00000| PB 0x0000000085c00000| Untracked 
|  43|0x0000000085d00000, 0x0000000085d00000, 0x0000000085e00000|  0%| F|  |TAMS 0x0000000085d00000| PB 0x0000000085d00000| Untracked 
|  44|0x0000000085e00000, 0x0000000085e00000, 0x0000000085f00000|  0%| F|  |TAMS 0x0000000085e00000| PB 0x0000000085e00000| Untracked 
|  45|0x0000000085f00000, 0x0000000085f00000, 0x0000000086000000|  0%| F|  |TAMS 0x0000000085f00000| PB 0x0000000085f00000| Untracked 
|  46|0x0000000086000000, 0x0000000086000000, 0x0000000086100000|  0%| F|  |TAMS 0x0000000086000000| PB 0x0000000086000000| Untracked 
|  47|0x0000000086100000, 0x0000000086100000, 0x0000000086200000|  0%| F|  |TAMS 0x0000000086100000| PB 0x0000000086100000| Untracked 
|  48|0x0000000086200000, 0x0000000086200000, 0x0000000086300000|  0%| F|  |TAMS 0x0000000086200000| PB 0x0000000086200000| Untracked 
|  49|0x0000000086300000, 0x0000000086300000, 0x0000000086400000|  0%| F|  |TAMS 0x0000000086300000| PB 0x0000000086300000| Untracked 
|  50|0x0000000086400000, 0x0000000086400000, 0x0000000086500000|  0%| F|  |TAMS 0x0000000086400000| PB 0x0000000086400000| Untracked 
|  51|0x0000000086500000, 0x0000000086500000, 0x0000000086600000|  0%| F|  |TAMS 0x0000000086500000| PB 0x0000000086500000| Untracked 
|  52|0x0000000086600000, 0x0000000086600000, 0x0000000086700000|  0%| F|  |TAMS 0x0000000086600000| PB 0x0000000086600000| Untracked 
|  53|0x0000000086700000, 0x0000000086700000, 0x0000000086800000|  0%| F|  |TAMS 0x0000000086700000| PB 0x0000000086700000| Untracked 
|  54|0x0000000086800000, 0x0000000086800000, 0x0000000086900000|  0%| F|  |TAMS 0x0000000086800000| PB 0x0000000086800000| Untracked 
|  55|0x0000000086900000, 0x0000000086900000, 0x0000000086a00000|  0%| F|  |TAMS 0x0000000086900000| PB 0x0000000086900000| Untracked 
|  56|0x0000000086a00000, 0x0000000086a00000, 0x0000000086b00000|  0%| F|  |TAMS 0x0000000086a00000| PB 0x0000000086a00000| Untracked 
|  57|0x0000000086b00000, 0x0000000086b00000, 0x0000000086c00000|  0%| F|  |TAMS 0x0000000086b00000| PB 0x0000000086b00000| Untracked 
|  58|0x0000000086c00000, 0x0000000086c00000, 0x0000000086d00000|  0%| F|  |TAMS 0x0000000086c00000| PB 0x0000000086c00000| Untracked 
|  59|0x0000000086d00000, 0x0000000086d00000, 0x0000000086e00000|  0%| F|  |TAMS 0x0000000086d00000| PB 0x0000000086d00000| Untracked 
|  60|0x0000000086e00000, 0x0000000086e00000, 0x0000000086f00000|  0%| F|  |TAMS 0x0000000086e00000| PB 0x0000000086e00000| Untracked 
|  61|0x0000000086f00000, 0x0000000086f00000, 0x0000000087000000|  0%| F|  |TAMS 0x0000000086f00000| PB 0x0000000086f00000| Untracked 
|  62|0x0000000087000000, 0x0000000087000000, 0x0000000087100000|  0%| F|  |TAMS 0x0000000087000000| PB 0x0000000087000000| Untracked 
|  63|0x0000000087100000, 0x0000000087100000, 0x0000000087200000|  0%| F|  |TAMS 0x0000000087100000| PB 0x0000000087100000| Untracked 
|  64|0x0000000087200000, 0x0000000087200000, 0x0000000087300000|  0%| F|  |TAMS 0x0000000087200000| PB 0x0000000087200000| Untracked 
|  65|0x0000000087300000, 0x0000000087300000, 0x0000000087400000|  0%| F|  |TAMS 0x0000000087300000| PB 0x0000000087300000| Untracked 
|  66|0x0000000087400000, 0x0000000087400000, 0x0000000087500000|  0%| F|  |TAMS 0x0000000087400000| PB 0x0000000087400000| Untracked 
|  67|0x0000000087500000, 0x0000000087500000, 0x0000000087600000|  0%| F|  |TAMS 0x0000000087500000| PB 0x0000000087500000| Untracked 
|  68|0x0000000087600000, 0x0000000087600000, 0x0000000087700000|  0%| F|  |TAMS 0x0000000087600000| PB 0x0000000087600000| Untracked 
|  69|0x0000000087700000, 0x0000000087700000, 0x0000000087800000|  0%| F|  |TAMS 0x0000000087700000| PB 0x0000000087700000| Untracked 
|  70|0x0000000087800000, 0x0000000087800000, 0x0000000087900000|  0%| F|  |TAMS 0x0000000087800000| PB 0x0000000087800000| Untracked 
|  71|0x0000000087900000, 0x0000000087900000, 0x0000000087a00000|  0%| F|  |TAMS 0x0000000087900000| PB 0x0000000087900000| Untracked 
|  72|0x0000000087a00000, 0x0000000087a00000, 0x0000000087b00000|  0%| F|  |TAMS 0x0000000087a00000| PB 0x0000000087a00000| Untracked 
|  73|0x0000000087b00000, 0x0000000087b00000, 0x0000000087c00000|  0%| F|  |TAMS 0x0000000087b00000| PB 0x0000000087b00000| Untracked 
|  74|0x0000000087c00000, 0x0000000087c00000, 0x0000000087d00000|  0%| F|  |TAMS 0x0000000087c00000| PB 0x0000000087c00000| Untracked 
|  75|0x0000000087d00000, 0x0000000087d00000, 0x0000000087e00000|  0%| F|  |TAMS 0x0000000087d00000| PB 0x0000000087d00000| Untracked 
|  76|0x0000000087e00000, 0x0000000087e00000, 0x0000000087f00000|  0%| F|  |TAMS 0x0000000087e00000| PB 0x0000000087e00000| Untracked 
|  77|0x0000000087f00000, 0x0000000087f00000, 0x0000000088000000|  0%| F|  |TAMS 0x0000000087f00000| PB 0x0000000087f00000| Untracked 
|  78|0x0000000088000000, 0x0000000088000000, 0x0000000088100000|  0%| F|  |TAMS 0x0000000088000000| PB 0x0000000088000000| Untracked 
|  79|0x0000000088100000, 0x0000000088100000, 0x0000000088200000|  0%| F|  |TAMS 0x0000000088100000| PB 0x0000000088100000| Untracked 
|  80|0x0000000088200000, 0x0000000088200000, 0x0000000088300000|  0%| F|  |TAMS 0x0000000088200000| PB 0x0000000088200000| Untracked 
|  81|0x0000000088300000, 0x0000000088300000, 0x0000000088400000|  0%| F|  |TAMS 0x0000000088300000| PB 0x0000000088300000| Untracked 
|  82|0x0000000088400000, 0x0000000088400000, 0x0000000088500000|  0%| F|  |TAMS 0x0000000088400000| PB 0x0000000088400000| Untracked 
|  83|0x0000000088500000, 0x0000000088500000, 0x0000000088600000|  0%| F|  |TAMS 0x0000000088500000| PB 0x0000000088500000| Untracked 
|  84|0x0000000088600000, 0x0000000088600000, 0x0000000088700000|  0%| F|  |TAMS 0x0000000088600000| PB 0x0000000088600000| Untracked 
|  85|0x0000000088700000, 0x0000000088700000, 0x0000000088800000|  0%| F|  |TAMS 0x0000000088700000| PB 0x0000000088700000| Untracked 
|  86|0x0000000088800000, 0x0000000088800000, 0x0000000088900000|  0%| F|  |TAMS 0x0000000088800000| PB 0x0000000088800000| Untracked 
|  87|0x0000000088900000, 0x0000000088900000, 0x0000000088a00000|  0%| F|  |TAMS 0x0000000088900000| PB 0x0000000088900000| Untracked 
|  88|0x0000000088a00000, 0x0000000088a00000, 0x0000000088b00000|  0%| F|  |TAMS 0x0000000088a00000| PB 0x0000000088a00000| Untracked 
|  89|0x0000000088b00000, 0x0000000088b00000, 0x0000000088c00000|  0%| F|  |TAMS 0x0000000088b00000| PB 0x0000000088b00000| Untracked 
|  90|0x0000000088c00000, 0x0000000088c00000, 0x0000000088d00000|  0%| F|  |TAMS 0x0000000088c00000| PB 0x0000000088c00000| Untracked 
|  91|0x0000000088d00000, 0x0000000088d00000, 0x0000000088e00000|  0%| F|  |TAMS 0x0000000088d00000| PB 0x0000000088d00000| Untracked 
|  92|0x0000000088e00000, 0x0000000088e00000, 0x0000000088f00000|  0%| F|  |TAMS 0x0000000088e00000| PB 0x0000000088e00000| Untracked 
|  93|0x0000000088f00000, 0x0000000088f00000, 0x0000000089000000|  0%| F|  |TAMS 0x0000000088f00000| PB 0x0000000088f00000| Untracked 
|  94|0x0000000089000000, 0x0000000089000000, 0x0000000089100000|  0%| F|  |TAMS 0x0000000089000000| PB 0x0000000089000000| Untracked 
|  95|0x0000000089100000, 0x0000000089100000, 0x0000000089200000|  0%| F|  |TAMS 0x0000000089100000| PB 0x0000000089100000| Untracked 
|  96|0x0000000089200000, 0x0000000089200000, 0x0000000089300000|  0%| F|  |TAMS 0x0000000089200000| PB 0x0000000089200000| Untracked 
|  97|0x0000000089300000, 0x0000000089300000, 0x0000000089400000|  0%| F|  |TAMS 0x0000000089300000| PB 0x0000000089300000| Untracked 
|  98|0x0000000089400000, 0x0000000089400000, 0x0000000089500000|  0%| F|  |TAMS 0x0000000089400000| PB 0x0000000089400000| Untracked 
|  99|0x0000000089500000, 0x0000000089500000, 0x0000000089600000|  0%| F|  |TAMS 0x0000000089500000| PB 0x0000000089500000| Untracked 
| 100|0x0000000089600000, 0x0000000089600000, 0x0000000089700000|  0%| F|  |TAMS 0x0000000089600000| PB 0x0000000089600000| Untracked 
| 101|0x0000000089700000, 0x0000000089700000, 0x0000000089800000|  0%| F|  |TAMS 0x0000000089700000| PB 0x0000000089700000| Untracked 
| 102|0x0000000089800000, 0x0000000089800000, 0x0000000089900000|  0%| F|  |TAMS 0x0000000089800000| PB 0x0000000089800000| Untracked 
| 103|0x0000000089900000, 0x0000000089900000, 0x0000000089a00000|  0%| F|  |TAMS 0x0000000089900000| PB 0x0000000089900000| Untracked 
| 104|0x0000000089a00000, 0x0000000089a00000, 0x0000000089b00000|  0%| F|  |TAMS 0x0000000089a00000| PB 0x0000000089a00000| Untracked 
| 105|0x0000000089b00000, 0x0000000089b00000, 0x0000000089c00000|  0%| F|  |TAMS 0x0000000089b00000| PB 0x0000000089b00000| Untracked 
| 106|0x0000000089c00000, 0x0000000089c00000, 0x0000000089d00000|  0%| F|  |TAMS 0x0000000089c00000| PB 0x0000000089c00000| Untracked 
| 107|0x0000000089d00000, 0x0000000089d00000, 0x0000000089e00000|  0%| F|  |TAMS 0x0000000089d00000| PB 0x0000000089d00000| Untracked 
| 108|0x0000000089e00000, 0x0000000089e00000, 0x0000000089f00000|  0%| F|  |TAMS 0x0000000089e00000| PB 0x0000000089e00000| Untracked 
| 109|0x0000000089f00000, 0x0000000089f00000, 0x000000008a000000|  0%| F|  |TAMS 0x0000000089f00000| PB 0x0000000089f00000| Untracked 
| 110|0x000000008a000000, 0x000000008a000000, 0x000000008a100000|  0%| F|  |TAMS 0x000000008a000000| PB 0x000000008a000000| Untracked 
| 111|0x000000008a100000, 0x000000008a100000, 0x000000008a200000|  0%| F|  |TAMS 0x000000008a100000| PB 0x000000008a100000| Untracked 
| 112|0x000000008a200000, 0x000000008a200000, 0x000000008a300000|  0%| F|  |TAMS 0x000000008a200000| PB 0x000000008a200000| Untracked 
| 113|0x000000008a300000, 0x000000008a300000, 0x000000008a400000|  0%| F|  |TAMS 0x000000008a300000| PB 0x000000008a300000| Untracked 
| 114|0x000000008a400000, 0x000000008a400000, 0x000000008a500000|  0%| F|  |TAMS 0x000000008a400000| PB 0x000000008a400000| Untracked 
| 115|0x000000008a500000, 0x000000008a500000, 0x000000008a600000|  0%| F|  |TAMS 0x000000008a500000| PB 0x000000008a500000| Untracked 
| 116|0x000000008a600000, 0x000000008a600000, 0x000000008a700000|  0%| F|  |TAMS 0x000000008a600000| PB 0x000000008a600000| Untracked 
| 117|0x000000008a700000, 0x000000008a700000, 0x000000008a800000|  0%| F|  |TAMS 0x000000008a700000| PB 0x000000008a700000| Untracked 
| 118|0x000000008a800000, 0x000000008a885a10, 0x000000008a900000| 52%| E|  |TAMS 0x000000008a800000| PB 0x000000008a800000| Complete 
| 119|0x000000008a900000, 0x000000008aa00000, 0x000000008aa00000|100%| E|CS|TAMS 0x000000008a900000| PB 0x000000008a900000| Complete 
| 120|0x000000008aa00000, 0x000000008ab00000, 0x000000008ab00000|100%| E|CS|TAMS 0x000000008aa00000| PB 0x000000008aa00000| Complete 
| 121|0x000000008ab00000, 0x000000008ac00000, 0x000000008ac00000|100%| E|CS|TAMS 0x000000008ab00000| PB 0x000000008ab00000| Complete 
| 122|0x000000008ac00000, 0x000000008ad00000, 0x000000008ad00000|100%| E|CS|TAMS 0x000000008ac00000| PB 0x000000008ac00000| Complete 
| 123|0x000000008ad00000, 0x000000008ae00000, 0x000000008ae00000|100%| E|CS|TAMS 0x000000008ad00000| PB 0x000000008ad00000| Complete 
| 124|0x000000008ae00000, 0x000000008af00000, 0x000000008af00000|100%| E|CS|TAMS 0x000000008ae00000| PB 0x000000008ae00000| Complete 
| 125|0x000000008af00000, 0x000000008b000000, 0x000000008b000000|100%| E|CS|TAMS 0x000000008af00000| PB 0x000000008af00000| Complete 

Card table byte_map: [0x000001fff0fe0000,0x000001fff13d0000] _byte_map_base: 0x000001fff0bc7000

Marking Bits: (CMBitMap*) 0x000001ffd9b6b320
 Bits: [0x000001fff17c0000, 0x000001fff36f8000)

Polling page: 0x000001ffd92e0000

Metaspace:

Usage:
  Non-class:      7.21 MB used.
      Class:    942.89 KB used.
       Both:      8.14 MB used.

Virtual space:
  Non-class space:       64.00 MB reserved,       7.31 MB ( 11%) committed,  1 nodes.
      Class space:        1.00 GB reserved,       1.00 MB ( <1%) committed,  1 nodes.
             Both:        1.06 GB reserved,       8.31 MB ( <1%) committed. 

Chunk freelists:
   Non-Class:  3.97 MB
       Class:  3.03 MB
        Both:  7.00 MB

MaxMetaspaceSize: unlimited
CompressedClassSpaceSize: 1.00 GB
Initial GC threshold: 21.00 MB
Current GC threshold: 21.00 MB
CDS: on
MetaspaceReclaimPolicy: balanced
 - commit_granule_bytes: 65536.
 - commit_granule_words: 8192.
 - virtual_space_node_default_size: 8388608.
 - enlarge_chunks_in_place: 1.
 - new_chunks_are_fully_committed: 0.
 - uncommit_free_chunks: 1.
 - use_allocation_guard: 0.


Internal statistics:

num_allocs_failed_limit: 0.
num_arena_births: 146.
num_arena_deaths: 0.
num_vsnodes_births: 2.
num_vsnodes_deaths: 0.
num_space_committed: 133.
num_space_uncommitted: 0.
num_chunks_returned_to_freelist: 0.
num_chunks_taken_from_freelist: 191.
num_chunk_merges: 0.
num_chunk_splits: 110.
num_chunks_enlarged: 46.
num_inconsistent_stats: 0.

CodeHeap 'non-profiled nmethods': size=120000Kb used=267Kb max_used=267Kb free=119733Kb
 bounds [0x000001ffe96c0000, 0x000001ffe9930000, 0x000001fff0bf0000]
CodeHeap 'profiled nmethods': size=120000Kb used=1567Kb max_used=1567Kb free=118432Kb
 bounds [0x000001ffe1bf0000, 0x000001ffe1e60000, 0x000001ffe9120000]
CodeHeap 'non-nmethods': size=5760Kb used=1602Kb max_used=1616Kb free=4157Kb
 bounds [0x000001ffe9120000, 0x000001ffe9390000, 0x000001ffe96c0000]
 total_blobs=1674 nmethods=1061 adapters=524
 compilation: enabled
              stopped_count=0, restarted_count=0
 full_count=0

Compilation events (20 events):
Event: 9.232 Thread 0x000001fff5bcba60 nmethod 1053 0x000001ffe9701690 code [0x000001ffe9701800, 0x000001ffe9701948]
Event: 9.263 Thread 0x000001fff5bcc3e0 1054       3       java.awt.EventQueue::setCurrentEventAndMostRecentTime (8 bytes)
Event: 9.263 Thread 0x000001fff5bcc3e0 nmethod 1054 0x000001ffe1d76590 code [0x000001ffe1d76780, 0x000001ffe1d76c28]
Event: 9.279 Thread 0x000001fff5bcba60 1055       4       java.util.concurrent.locks.AbstractQueuedSynchronizer::signalNext (34 bytes)
Event: 9.281 Thread 0x000001fff5bcba60 nmethod 1055 0x000001ffe9701a10 code [0x000001ffe9701b80, 0x000001ffe9701cc0]
Event: 9.294 Thread 0x000001fff5bcba60 1056       4       java.util.concurrent.locks.ReentrantLock$NonfairSync::initialTryLock (58 bytes)
Event: 9.296 Thread 0x000001fff5bcba60 nmethod 1056 0x000001ffe9701e10 code [0x000001ffe9701f80, 0x000001ffe9702130]
Event: 9.303 Thread 0x000001fff5bcc3e0 1057       3       java.util.concurrent.locks.ReentrantLock$NonfairSync::tryAcquire (27 bytes)
Event: 9.303 Thread 0x000001fff5bcc3e0 nmethod 1057 0x000001ffe1d76e10 code [0x000001ffe1d76fc0, 0x000001ffe1d77250]
Event: 9.303 Thread 0x000001fff5bcc3e0 1058       3       java.util.HashSet::remove (20 bytes)
Event: 9.303 Thread 0x000001fff5bcc3e0 nmethod 1058 0x000001ffe1d77310 code [0x000001ffe1d774a0, 0x000001ffe1d776c8]
Event: 9.311 Thread 0x000001fff5bcba60 1059       4       java.util.concurrent.locks.ReentrantLock::unlock (10 bytes)
Event: 9.313 Thread 0x000001fff5bcba60 nmethod 1059 0x000001ffe9702210 code [0x000001ffe97023a0, 0x000001ffe97025d0]
Event: 9.313 Thread 0x000001fff5bcba60 1060       4       java.util.concurrent.locks.ReentrantLock::lock (8 bytes)
Event: 9.315 Thread 0x000001fff5bcba60 nmethod 1060 0x000001ffe9702790 code [0x000001ffe9702900, 0x000001ffe9702ae0]
Event: 9.359 Thread 0x000001fff5bcc3e0 1061       3       sun.awt.SunToolkit::isTouchKeyboardAutoShowEnabled (4 bytes)
Event: 9.359 Thread 0x000001fff5bcc3e0 nmethod 1061 0x000001ffe1d77790 code [0x000001ffe1d77920, 0x000001ffe1d77a20]
Event: 9.359 Thread 0x000001fff5bcc3e0 1062       3       java.util.concurrent.locks.AbstractQueuedSynchronizer$Node::<init> (5 bytes)
Event: 9.359 Thread 0x000001fff5bcc3e0 nmethod 1062 0x000001ffe1d77a90 code [0x000001ffe1d77c20, 0x000001ffe1d77d88]
Event: 9.367 Thread 0x000001fff5bcc3e0 1063   !   3       java.awt.DefaultKeyboardFocusManager::dispatchEvent (1625 bytes)

GC Heap History (0 events):
No events

Dll operation events (8 events):
Event: 0.006 Loaded shared library C:\Program Files\Java\jdk-20\bin\java.dll
Event: 0.024 Loaded shared library C:\Program Files\Java\jdk-20\bin\jsvml.dll
Event: 0.058 Loaded shared library C:\Program Files\Java\jdk-20\bin\net.dll
Event: 0.060 Loaded shared library C:\Program Files\Java\jdk-20\bin\nio.dll
Event: 0.102 Loaded shared library C:\Program Files\Java\jdk-20\bin\jimage.dll
Event: 0.105 Loaded shared library C:\Program Files\Java\jdk-20\bin\awt.dll
Event: 0.243 Loaded shared library C:\Program Files\Java\jdk-20\bin\freetype.dll
Event: 0.244 Loaded shared library C:\Program Files\Java\jdk-20\bin\fontmanager.dll

Deoptimization events (20 events):
Event: 0.215 Thread 0x000001fff5bc6e50 Uncommon trap: trap_request=0xffffffc6 fr.pc=0x000001ffe96cedcc relative=0x00000000000009cc
Event: 0.215 Thread 0x000001fff5bc6e50 Uncommon trap: reason=bimorphic_or_optimized_type_check action=maybe_recompile pc=0x000001ffe96cedcc method=java.util.HashMap.putVal(ILjava/lang/Object;Ljava/lang/Object;ZZ)Ljava/lang/Object; @ 56 c2
Event: 0.215 Thread 0x000001fff5bc6e50 DEOPT PACKING pc=0x000001ffe96cedcc sp=0x0000002bd76fe140
Event: 0.215 Thread 0x000001fff5bc6e50 DEOPT UNPACKING pc=0x000001ffe9189d22 sp=0x0000002bd76fe0c8 mode 2
Event: 1.992 Thread 0x000001fff5bc6e50 Uncommon trap: trap_request=0xffffffde fr.pc=0x000001ffe96d3420 relative=0x00000000000001a0
Event: 1.992 Thread 0x000001fff5bc6e50 Uncommon trap: reason=class_check action=maybe_recompile pc=0x000001ffe96d3420 method=java.lang.String.equals(Ljava/lang/Object;)Z @ 8 c2
Event: 1.992 Thread 0x000001fff5bc6e50 DEOPT PACKING pc=0x000001ffe96d3420 sp=0x0000002bd76fde00
Event: 1.992 Thread 0x000001fff5bc6e50 DEOPT UNPACKING pc=0x000001ffe9189d22 sp=0x0000002bd76fdd98 mode 2
Event: 1.992 Thread 0x000001fff5bc6e50 Uncommon trap: trap_request=0xffffffde fr.pc=0x000001ffe96d3420 relative=0x00000000000001a0
Event: 1.992 Thread 0x000001fff5bc6e50 Uncommon trap: reason=class_check action=maybe_recompile pc=0x000001ffe96d3420 method=java.lang.String.equals(Ljava/lang/Object;)Z @ 8 c2
Event: 1.992 Thread 0x000001fff5bc6e50 DEOPT PACKING pc=0x000001ffe96d3420 sp=0x0000002bd76fde00
Event: 1.992 Thread 0x000001fff5bc6e50 DEOPT UNPACKING pc=0x000001ffe9189d22 sp=0x0000002bd76fdd98 mode 2
Event: 2.102 Thread 0x000001fff5bc6e50 Uncommon trap: trap_request=0xffffffde fr.pc=0x000001ffe96d3420 relative=0x00000000000001a0
Event: 2.102 Thread 0x000001fff5bc6e50 Uncommon trap: reason=class_check action=maybe_recompile pc=0x000001ffe96d3420 method=java.lang.String.equals(Ljava/lang/Object;)Z @ 8 c2
Event: 2.102 Thread 0x000001fff5bc6e50 DEOPT PACKING pc=0x000001ffe96d3420 sp=0x0000002bd76fde80
Event: 2.102 Thread 0x000001fff5bc6e50 DEOPT UNPACKING pc=0x000001ffe9189d22 sp=0x0000002bd76fde18 mode 2
Event: 2.102 Thread 0x000001fff5bc6e50 Uncommon trap: trap_request=0xffffffde fr.pc=0x000001ffe96d3420 relative=0x00000000000001a0
Event: 2.102 Thread 0x000001fff5bc6e50 Uncommon trap: reason=class_check action=maybe_recompile pc=0x000001ffe96d3420 method=java.lang.String.equals(Ljava/lang/Object;)Z @ 8 c2
Event: 2.102 Thread 0x000001fff5bc6e50 DEOPT PACKING pc=0x000001ffe96d3420 sp=0x0000002bd76fde80
Event: 2.102 Thread 0x000001fff5bc6e50 DEOPT UNPACKING pc=0x000001ffe9189d22 sp=0x0000002bd76fde18 mode 2

Classes loaded (20 events):
Event: 1.995 Loading class javax/swing/RepaintManager$3
Event: 1.995 Loading class javax/swing/RepaintManager$3 done
Event: 3.310 Loading class javax/swing/Autoscroller
Event: 3.310 Loading class javax/swing/Autoscroller done
Event: 4.887 Loading class java/util/TimerTask
Event: 4.887 Loading class java/util/TimerTask done
Event: 4.888 Loading class java/awt/Component$3
Event: 4.888 Loading class java/awt/Component$3 done
Event: 4.904 Loading class java/util/Timer
Event: 4.904 Loading class java/util/Timer done
Event: 4.904 Loading class java/util/TaskQueue
Event: 4.904 Loading class java/util/TaskQueue done
Event: 4.904 Loading class java/util/TimerThread
Event: 4.904 Loading class java/util/TimerThread done
Event: 4.904 Loading class java/lang/Thread$ThreadNumbering
Event: 4.904 Loading class java/lang/Thread$ThreadNumbering done
Event: 4.904 Loading class java/util/Timer$ThreadReaper
Event: 4.904 Loading class java/util/Timer$ThreadReaper done
Event: 5.270 Loading class java/awt/LightweightDispatcher$2
Event: 5.270 Loading class java/awt/LightweightDispatcher$2 done

Classes unloaded (0 events):
No events

Classes redefined (0 events):
No events

Internal exceptions (14 events):
Event: 0.070 Thread 0x000001ffd9b098e0 Exception <a 'java/lang/NoSuchMethodError'{0x000000008ae2e870}: 'void java.lang.invoke.DirectMethodHandle$Holder.invokeVirtual(java.lang.Object, java.lang.Object)'> (0x000000008ae2e870) 
thrown [s\open\src\hotspot\share\interpreter\linkResolver.cpp, line 773]
Event: 0.072 Thread 0x000001ffd9b098e0 Exception <a 'java/lang/NoSuchMethodError'{0x000000008ae3a938}: 'java.lang.Object java.lang.invoke.DirectMethodHandle$Holder.invokeInterface(java.lang.Object, java.lang.Object, java.lang.Object)'> (0x000000008ae3a938) 
thrown [s\open\src\hotspot\share\interpreter\linkResolver.cpp, line 773]
Event: 0.095 Thread 0x000001ffd9b098e0 Exception <a 'java/lang/ClassNotFoundException'{0x000000008ad18d08}: sun/awt/resources/spi/awtProvider> (0x000000008ad18d08) 
thrown [s\open\src\hotspot\share\classfile\systemDictionary.cpp, line 305]
Event: 0.114 Thread 0x000001ffd9b098e0 Exception <a 'java/io/FileNotFoundException'{0x000000008ad70568}> (0x000000008ad70568) 
thrown [s\open\src\hotspot\share\prims\jni.cpp, line 519]
Event: 0.118 Thread 0x000001ffd9b098e0 Exception <a 'java/io/FileNotFoundException'{0x000000008ad9a7c8}> (0x000000008ad9a7c8) 
thrown [s\open\src\hotspot\share\prims\jni.cpp, line 519]
Event: 0.122 Thread 0x000001ffd9b098e0 Exception <a 'sun/nio/fs/WindowsException'{0x000000008ada3b60}> (0x000000008ada3b60) 
thrown [s\open\src\hotspot\share\prims\jni.cpp, line 519]
Event: 0.183 Thread 0x000001fff5bc6e50 Exception <a 'java/lang/NoSuchMethodError'{0x000000008ab0dfb8}: 'void java.lang.invoke.DirectMethodHandle$Holder.invokeSpecial(java.lang.Object, java.lang.Object, java.lang.Object)'> (0x000000008ab0dfb8) 
thrown [s\open\src\hotspot\share\interpreter\linkResolver.cpp, line 773]
Event: 0.189 Thread 0x000001fff5bc6e50 Exception <a 'java/lang/NoSuchMethodError'{0x000000008ab38630}: 'java.lang.Object java.lang.invoke.DirectMethodHandle$Holder.newInvokeSpecial(java.lang.Object, java.lang.Object, java.lang.Object, java.lang.Object, java.lang.Object)'> (0x000000008ab38630) 
thrown [s\open\src\hotspot\share\interpreter\linkResolver.cpp, line 773]
Event: 0.194 Thread 0x000001fff5bc6e50 Exception <a 'java/lang/NoSuchMethodError'{0x000000008ab69210}: 'java.lang.Object java.lang.invoke.DirectMethodHandle$Holder.invokeStatic(java.lang.Object, int, java.lang.Object)'> (0x000000008ab69210) 
thrown [s\open\src\hotspot\share\interpreter\linkResolver.cpp, line 773]
Event: 0.215 Thread 0x000001fff5bc6e50 Exception <a 'java/lang/ClassNotFoundException'{0x000000008aa24738}: com/sun/swing/internal/plaf/metal/resources/spi/metalProvider> (0x000000008aa24738) 
thrown [s\open\src\hotspot\share\classfile\systemDictionary.cpp, line 305]
Event: 0.216 Thread 0x000001fff5bc6e50 Exception <a 'java/lang/ClassNotFoundException'{0x000000008aa28698}: com/sun/swing/internal/plaf/basic/resources/spi/basicProvider> (0x000000008aa28698) 
thrown [s\open\src\hotspot\share\classfile\systemDictionary.cpp, line 305]
Event: 0.223 Thread 0x000001fff5bc6e50 Exception <a 'java/lang/NoSuchMethodError'{0x000000008aa47aa8}: 'int java.lang.invoke.Invokers$Holder.invokeExact_MT(java.lang.Object, java.lang.Object)'> (0x000000008aa47aa8) 
thrown [s\open\src\hotspot\share\interpreter\linkResolver.cpp, line 773]
Event: 0.240 Thread 0x000001fff5bc6e50 Exception <a 'java/lang/NoSuchMethodError'{0x000000008aa6d3c8}: 'void java.lang.invoke.DirectMethodHandle$Holder.invokeStaticInit(java.lang.Object)'> (0x000000008aa6d3c8) 
thrown [s\open\src\hotspot\share\interpreter\linkResolver.cpp, line 773]
Event: 0.264 Thread 0x000001fff5bc6e50 Exception <a 'sun/nio/fs/WindowsException'{0x000000008aac30f8}> (0x000000008aac30f8) 
thrown [s\open\src\hotspot\share\prims\jni.cpp, line 519]

VM Operations (18 events):
Event: 0.233 Executing VM operation: HandshakeAllThreads
Event: 0.233 Executing VM operation: HandshakeAllThreads done
Event: 1.243 Executing VM operation: Cleanup
Event: 1.243 Executing VM operation: Cleanup done
Event: 2.249 Executing VM operation: Cleanup
Event: 2.249 Executing VM operation: Cleanup done
Event: 3.257 Executing VM operation: Cleanup
Event: 3.257 Executing VM operation: Cleanup done
Event: 5.279 Executing VM operation: Cleanup
Event: 5.279 Executing VM operation: Cleanup done
Event: 6.279 Executing VM operation: Cleanup
Event: 6.279 Executing VM operation: Cleanup done
Event: 7.279 Executing VM operation: Cleanup
Event: 7.279 Executing VM operation: Cleanup done
Event: 8.280 Executing VM operation: Cleanup
Event: 8.280 Executing VM operation: Cleanup done
Event: 9.280 Executing VM operation: Cleanup
Event: 9.280 Executing VM operation: Cleanup done

Events (19 events):
Event: 0.024 Thread 0x000001ffd9b098e0 Thread added: 0x000001ffd9b098e0
Event: 0.036 Thread 0x000001fff5bb0690 Thread added: 0x000001fff5bb0690
Event: 0.036 Thread 0x000001fff5bb33a0 Thread added: 0x000001fff5bb33a0
Event: 0.036 Thread 0x000001fff5bb6230 Thread added: 0x000001fff5bb6230
Event: 0.036 Thread 0x000001fff5bb7b80 Thread added: 0x000001fff5bb7b80
Event: 0.036 Thread 0x000001fff5bc14e0 Thread added: 0x000001fff5bc14e0
Event: 0.036 Thread 0x000001fff5bc5910 Thread added: 0x000001fff5bc5910
Event: 0.036 Thread 0x000001fff5bcba60 Thread added: 0x000001fff5bcba60
Event: 0.037 Thread 0x000001fff5bcc3e0 Thread added: 0x000001fff5bcc3e0
Event: 0.054 Thread 0x000001fff5bc63b0 Thread added: 0x000001fff5bc63b0
Event: 0.090 Thread 0x000001fff5bc5e60 Thread added: 0x000001fff5bc5e60
Event: 0.144 Thread 0x000001fff5bc73a0 Thread added: 0x000001fff5bc73a0
Event: 0.145 Thread 0x000001fff5bc53c0 Thread added: 0x000001fff5bc53c0
Event: 0.146 Thread 0x000001fff5bc6900 Thread added: 0x000001fff5bc6900
Event: 0.155 Thread 0x000001fff5bc6e50 Thread added: 0x000001fff5bc6e50
Event: 0.155 Thread 0x000001ffd9b098e0 Thread exited: 0x000001ffd9b098e0
Event: 0.155 Thread 0x000001fff5bc3e80 Thread added: 0x000001fff5bc3e80
Event: 0.394 Thread 0x000001fff5bc43d0 Thread added: 0x000001fff5bc43d0
Event: 4.905 Thread 0x000001fff5bc4920 Thread added: 0x000001fff5bc4920


Dynamic libraries:
0x00007ff777d10000 - 0x00007ff777d20000 	C:\Program Files\Java\jdk-20\bin\javaw.exe
0x00007ffee3610000 - 0x00007ffee3807000 	C:\Windows\SYSTEM32\ntdll.dll
0x00007ffee2890000 - 0x00007ffee294d000 	C:\Windows\System32\KERNEL32.DLL
0x00007ffee1370000 - 0x00007ffee1666000 	C:\Windows\System32\KERNELBASE.dll
0x00007ffee0f30000 - 0x00007ffee1030000 	C:\Windows\System32\ucrtbase.dll
0x00007ffec1d90000 - 0x00007ffec1dab000 	C:\Program Files\Java\jdk-20\bin\VCRUNTIME140.dll
0x00007ffec9bc0000 - 0x00007ffec9bd9000 	C:\Program Files\Java\jdk-20\bin\jli.dll
0x00007ffee1c00000 - 0x00007ffee1cae000 	C:\Windows\System32\ADVAPI32.dll
0x00007ffee2950000 - 0x00007ffee29ee000 	C:\Windows\System32\msvcrt.dll
0x00007ffee32e0000 - 0x00007ffee337c000 	C:\Windows\System32\sechost.dll
0x00007ffee1ac0000 - 0x00007ffee1be6000 	C:\Windows\System32\RPCRT4.dll
0x00007ffee2610000 - 0x00007ffee27ae000 	C:\Windows\System32\USER32.dll
0x00007ffee0e90000 - 0x00007ffee0eb2000 	C:\Windows\System32\win32u.dll
0x00007ffee2f10000 - 0x00007ffee2f3c000 	C:\Windows\System32\GDI32.dll
0x00007ffee1220000 - 0x00007ffee133a000 	C:\Windows\System32\gdi32full.dll
0x00007ffee0da0000 - 0x00007ffee0e3d000 	C:\Windows\System32\msvcp_win.dll
0x00007ffed3690000 - 0x00007ffed392a000 	C:\Windows\WinSxS\amd64_microsoft.windows.common-controls_6595b64144ccf1df_6.0.19041.3570_none_60bb2a3971f3e41a\COMCTL32.dll
0x00007ffed57c0000 - 0x00007ffed57ca000 	C:\Windows\SYSTEM32\VERSION.dll
0x00007ffee19d0000 - 0x00007ffee1a00000 	C:\Windows\System32\IMM32.DLL
0x00007ffecf750000 - 0x00007ffecf75c000 	C:\Program Files\Java\jdk-20\bin\vcruntime140_1.dll
0x00007ffec16d0000 - 0x00007ffec175e000 	C:\Program Files\Java\jdk-20\bin\msvcp140.dll
0x00007ffe750a0000 - 0x00007ffe75d38000 	C:\Program Files\Java\jdk-20\bin\server\jvm.dll
0x00007ffebda90000 - 0x00007ffebda99000 	C:\Windows\SYSTEM32\WSOCK32.dll
0x00007ffee30c0000 - 0x00007ffee312b000 	C:\Windows\System32\WS2_32.dll
0x00007ffed0ef0000 - 0x00007ffed0f17000 	C:\Windows\SYSTEM32\WINMM.dll
0x00007ffedebb0000 - 0x00007ffedebc2000 	C:\Windows\SYSTEM32\kernel.appcore.dll
0x00007ffecb5a0000 - 0x00007ffecb5aa000 	C:\Program Files\Java\jdk-20\bin\jimage.dll
0x00007ffed3980000 - 0x00007ffed3b64000 	C:\Windows\SYSTEM32\DBGHELP.DLL
0x00007ffed1b10000 - 0x00007ffed1b44000 	C:\Windows\SYSTEM32\dbgcore.DLL
0x00007ffee1190000 - 0x00007ffee1212000 	C:\Windows\System32\bcryptPrimitives.dll
0x00007ffec16a0000 - 0x00007ffec16c6000 	C:\Program Files\Java\jdk-20\bin\java.dll
0x00007ffeabe30000 - 0x00007ffeabf07000 	C:\Program Files\Java\jdk-20\bin\jsvml.dll
0x00007ffee1ec0000 - 0x00007ffee2604000 	C:\Windows\System32\SHELL32.dll
0x00007ffededb0000 - 0x00007ffedf54b000 	C:\Windows\SYSTEM32\windows.storage.dll
0x00007ffee1670000 - 0x00007ffee19c4000 	C:\Windows\System32\combase.dll
0x00007ffee0730000 - 0x00007ffee075d000 	C:\Windows\SYSTEM32\Wldp.dll
0x00007ffee2fa0000 - 0x00007ffee304d000 	C:\Windows\System32\SHCORE.dll
0x00007ffee3060000 - 0x00007ffee30b5000 	C:\Windows\System32\shlwapi.dll
0x00007ffee0c20000 - 0x00007ffee0c45000 	C:\Windows\SYSTEM32\profapi.dll
0x00007ffec1580000 - 0x00007ffec1593000 	C:\Program Files\Java\jdk-20\bin\net.dll
0x00007ffed6570000 - 0x00007ffed667a000 	C:\Windows\SYSTEM32\WINHTTP.dll
0x00007ffee0490000 - 0x00007ffee04fa000 	C:\Windows\system32\mswsock.dll
0x00007ffec14a0000 - 0x00007ffec14b6000 	C:\Program Files\Java\jdk-20\bin\nio.dll
0x00007ffe9d830000 - 0x00007ffe9d9c1000 	C:\Program Files\Java\jdk-20\bin\awt.dll
0x00007ffee1cd0000 - 0x00007ffee1d9d000 	C:\Windows\System32\OLEAUT32.dll
0x00007ffede5e0000 - 0x00007ffede670000 	C:\Windows\SYSTEM32\apphelp.dll
0x00007ffede7e0000 - 0x00007ffede87e000 	C:\Windows\system32\uxtheme.dll
0x00007ffee1da0000 - 0x00007ffee1eb4000 	C:\Windows\System32\MSCTF.dll
0x00007ffee31b0000 - 0x00007ffee32db000 	C:\Windows\System32\ole32.dll
0x00007ffede8c0000 - 0x00007ffede8ef000 	C:\Windows\system32\DWMAPI.DLL
0x00007ffeb8a20000 - 0x00007ffeb8b45000 	C:\Windows\system32\opengl32.dll
0x00007ffeb89f0000 - 0x00007ffeb8a1c000 	C:\Windows\SYSTEM32\GLU32.dll
0x00007ffeb42d0000 - 0x00007ffeb4356000 	C:\Program Files\Java\jdk-20\bin\freetype.dll
0x00007ffea2340000 - 0x00007ffea2413000 	C:\Program Files\Java\jdk-20\bin\fontmanager.dll
0x00007ffecf0d0000 - 0x00007ffecf1ca000 	C:\Windows\SYSTEM32\textinputframework.dll
0x00007ffedcaa0000 - 0x00007ffedcdfb000 	C:\Windows\System32\CoreUIComponents.dll
0x00007ffede2c0000 - 0x00007ffede3b2000 	C:\Windows\System32\CoreMessaging.dll
0x00007ffedfe50000 - 0x00007ffedfe83000 	C:\Windows\SYSTEM32\ntmarta.dll
0x00007ffedc840000 - 0x00007ffedc995000 	C:\Windows\SYSTEM32\wintypes.dll
0x00007ffee29f0000 - 0x00007ffee2a99000 	C:\Windows\System32\clbcatq.dll
0x00007ffedbee0000 - 0x00007ffedc094000 	C:\Windows\SYSTEM32\WindowsCodecs.dll
0x00007ffee1340000 - 0x00007ffee1367000 	C:\Windows\System32\bcrypt.dll
0x00007ffecade0000 - 0x00007ffecae1e000 	C:\Windows\system32\dataexchange.dll
0x00007ffedd430000 - 0x00007ffedd693000 	C:\Windows\system32\d3d11.dll
0x00007ffeddc60000 - 0x00007ffedde43000 	C:\Windows\system32\dcomp.dll
0x00007ffedf590000 - 0x00007ffedf683000 	C:\Windows\system32\dxgi.dll
0x00007ffedbc20000 - 0x00007ffedbe27000 	C:\Windows\system32\twinapi.appcore.dll

dbghelp: loaded successfully - version: 4.0.5 - missing functions: none
symbol engine: initialized successfully - sym options: 0x614 - pdb path: .;C:\Program Files\Java\jdk-20\bin;C:\Windows\SYSTEM32;C:\Windows\WinSxS\amd64_microsoft.windows.common-controls_6595b64144ccf1df_6.0.19041.3570_none_60bb2a3971f3e41a;C:\Program Files\Java\jdk-20\bin\server

VM Arguments:
jvm_args: -Dfile.encoding=UTF-8 --module-path=C:\Users\Lenovo\eclipse-workspace\Arte\bin -XX:+ShowCodeDetailsInExceptionMessages -Djdk.module.main=Arte 
java_command: Arte/Main.main
java_class_path (initial): <not set>
Launcher Type: SUN_STANDARD

[Global flags]
     intx CICompilerCount                          = 3                                         {product} {ergonomic}
     uint ConcGCThreads                            = 1                                         {product} {ergonomic}
     uint G1ConcRefinementThreads                  = 4                                         {product} {ergonomic}
   size_t G1HeapRegionSize                         = 1048576                                   {product} {ergonomic}
    uintx GCDrainStackTargetSize                   = 64                                        {product} {ergonomic}
   size_t InitialHeapSize                          = 132120576                                 {product} {ergonomic}
   size_t MarkStackSize                            = 4194304                                   {product} {ergonomic}
   size_t MaxHeapSize                              = 2095054848                                {product} {ergonomic}
   size_t MaxNewSize                               = 1256194048                                {product} {ergonomic}
   size_t MinHeapDeltaBytes                        = 1048576                                   {product} {ergonomic}
   size_t MinHeapSize                              = 8388608                                   {product} {ergonomic}
    uintx NonNMethodCodeHeapSize                   = 5832780                                {pd product} {ergonomic}
    uintx NonProfiledCodeHeapSize                  = 122912730                              {pd product} {ergonomic}
    uintx ProfiledCodeHeapSize                     = 122912730                              {pd product} {ergonomic}
    uintx ReservedCodeCacheSize                    = 251658240                              {pd product} {ergonomic}
     bool SegmentedCodeCache                       = true                                      {product} {ergonomic}
     bool ShowCodeDetailsInExceptionMessages       = true                                   {manageable} {command line}
   size_t SoftMaxHeapSize                          = 2095054848                             {manageable} {ergonomic}
     bool UseCompressedClassPointers               = true                           {product lp64_product} {ergonomic}
     bool UseCompressedOops                        = true                           {product lp64_product} {ergonomic}
     bool UseG1GC                                  = true                                      {product} {ergonomic}
     bool UseLargePagesIndividualAllocation        = false                                  {pd product} {ergonomic}

Logging:
Log output configuration:
 #0: stdout all=warning uptime,level,tags foldmultilines=false
 #1: stderr all=off uptime,level,tags foldmultilines=false

Environment Variables:
PATH=C:/Users/Lenovo/.p2/pool/plugins/org.eclipse.justj.openjdk.hotspot.jre.full.win32.x86_64_20.0.2.v20230801-2057/jre/bin/server;C:/Users/Lenovo/.p2/pool/plugins/org.eclipse.justj.openjdk.hotspot.jre.full.win32.x86_64_20.0.2.v20230801-2057/jre/bin;C:\Program Files\Common Files\Oracle\Java\javapath;C:\Program Files (x86)\Common Files\Oracle\Java\javapath;C:\Windows\system32;C:\Windows;C:\Windows\System32\Wbem;C:\Windows\System32\WindowsPowerShell\v1.0\;C:\Windows\System32\OpenSSH\;C:\Program Files\dotnet\;C:\Program Files\Microsoft SQL Server\150\Tools\Binn\;C:\Users\Lenovo\AppData\Local\Programs\Python\Python311;C:\Users\Lenovo\AppData\Local\Programs\Python\Python311\Scripts;C:\Program Files\Git\cmd;C:\Program Files (x86)\Windows Kits\10\Windows Performance Toolkit\;C:\Program Files\MongoDB\Server\7.0\bin;C:\Users\Lenovo\AppData\Local\Programs\Python\Python311\Scripts\;C:\Users\Lenovo\AppData\Local\Programs\Python\Python311\;C:\Users\Lenovo\AppData\Local\Microsoft\WindowsApps;C:\Program Files\MongoDB\Server\7.0\bin;C:\Users\Lenovo\Desktop;
USERNAME=Lenovo
OS=Windows_NT
PROCESSOR_IDENTIFIER=Intel64 Family 6 Model 60 Stepping 3, GenuineIntel
TMP=C:\Users\Lenovo\AppData\Local\Temp
TEMP=C:\Users\Lenovo\AppData\Local\Temp




---------------  S Y S T E M  ---------------

OS:
 Windows 10 , 64 bit Build 19041 (10.0.19041.3570)
OS uptime: 3 days 4:34 hours

CPU: total 4 (initial active 4) (4 cores per cpu, 1 threads per core) family 6 model 60 stepping 3 microcode 0x27, cx8, cmov, fxsr, mmx, sse, sse2, sse3, ssse3, sse4.1, sse4.2, popcnt, lzcnt, tsc, tscinvbit, avx, avx2, aes, erms, clmul, bmi1, bmi2, fma, vzeroupper, clflush, rdtscp, f16c

Memory: 4k page, system-wide physical 7985M (994M free)
TotalPageFile size 16177M (AvailPageFile size 3M)
current process WorkingSet (physical memory assigned to process): 68M, peak: 68M
current process commit charge ("private bytes"): 215M, peak: 215M

vm_info: Java HotSpot(TM) 64-Bit Server VM (20.0.2+9-78) for windows-amd64 JRE (20.0.2+9-78), built on 2023-06-14T10:08:48Z by "mach5one" with MS VC++ 17.1 (VS2022)

END.
